{"C:\\Users\\786\\OneDrive - FAST National University\\Desktop\\new test\\time-off-service\\src\\app.controller.spec.ts": {"path":"C:\\Users\\786\\OneDrive - FAST National University\\Desktop\\new test\\time-off-service\\src\\app.controller.spec.ts","statementMap":{"0":{"start":{"line":2,"column":0},"end":{"line":2,"column":65}},"1":{"start":{"line":1,"column":0},"end":{"line":1,"column":54}},"2":{"start":{"line":3,"column":0},"end":{"line":3,"column":49}},"3":{"start":{"line":4,"column":0},"end":{"line":4,"column":43}},"4":{"start":{"line":6,"column":0},"end":{"line":23,"column":3}},"5":{"start":{"line":9,"column":2},"end":{"line":16,"column":5}},"6":{"start":{"line":10,"column":31},"end":{"line":13,"column":16}},"7":{"start":{"line":15,"column":4},"end":{"line":15,"column":58}},"8":{"start":{"line":18,"column":2},"end":{"line":22,"column":5}},"9":{"start":{"line":19,"column":4},"end":{"line":21,"column":7}},"10":{"start":{"line":20,"column":6},"end":{"line":20,"column":60}}},"fnMap":{"0":{"name":"(anonymous_0)","decl":{"start":{"line":6,"column":26},"end":{"line":6,"column":29}},"loc":{"start":{"line":6,"column":31},"end":{"line":23,"column":1}}},"1":{"name":"(anonymous_1)","decl":{"start":{"line":9,"column":13},"end":{"line":9,"column":18}},"loc":{"start":{"line":9,"column":24},"end":{"line":16,"column":3}}},"2":{"name":"(anonymous_2)","decl":{"start":{"line":18,"column":19},"end":{"line":18,"column":22}},"loc":{"start":{"line":18,"column":24},"end":{"line":22,"column":3}}},"3":{"name":"(anonymous_3)","decl":{"start":{"line":19,"column":39},"end":{"line":19,"column":42}},"loc":{"start":{"line":19,"column":44},"end":{"line":21,"column":5}}}},"branchMap":{},"s":{"0":0,"1":0,"2":0,"3":0,"4":0,"5":0,"6":0,"7":0,"8":0,"9":0,"10":0},"f":{"0":0,"1":0,"2":0,"3":0},"b":{}}
,"C:\\Users\\786\\OneDrive - FAST National University\\Desktop\\new test\\time-off-service\\src\\app.controller.ts": {"path":"C:\\Users\\786\\OneDrive - FAST National University\\Desktop\\new test\\time-off-service\\src\\app.controller.ts","statementMap":{"0":{"start":{"line":1,"column":0},"end":{"line":1,"column":49}},"1":{"start":{"line":2,"column":0},"end":{"line":2,"column":43}},"2":{"start":{"line":5,"column":7},"end":{"line":12,"column":null}},"3":{"start":{"line":6,"column":31},"end":{"line":6,"column":43}},"4":{"start":{"line":10,"column":4},"end":{"line":10,"column":38}},"5":{"start":{"line":5,"column":13},"end":{"line":5,"column":26}},"6":{"start":{"line":9,"column":2},"end":{"line":11,"column":null}},"7":{"start":{"line":5,"column":13},"end":{"line":12,"column":null}}},"fnMap":{"0":{"name":"(anonymous_2)","decl":{"start":{"line":6,"column":2},"end":{"line":6,"column":31}},"loc":{"start":{"line":6,"column":53},"end":{"line":6,"column":57}}},"1":{"name":"(anonymous_3)","decl":{"start":{"line":9,"column":2},"end":{"line":9,"column":10}},"loc":{"start":{"line":9,"column":10},"end":{"line":11,"column":3}}}},"branchMap":{"0":{"loc":{"start":{"line":6,"column":43},"end":{"line":6,"column":56}},"type":"cond-expr","locations":[{"start":{"line":6,"column":53},"end":{"line":6,"column":56}},{"start":{"line":6,"column":53},"end":{"line":6,"column":56}}]},"1":{"loc":{"start":{"line":6,"column":43},"end":{"line":6,"column":53}},"type":"binary-expr","locations":[{"start":{"line":6,"column":43},"end":{"line":6,"column":56}},{"start":{"line":6,"column":43},"end":{"line":6,"column":53}}]}},"s":{"0":0,"1":0,"2":0,"3":0,"4":0,"5":0,"6":0,"7":0},"f":{"0":0,"1":0},"b":{"0":[0,0],"1":[0,0]}}
,"C:\\Users\\786\\OneDrive - FAST National University\\Desktop\\new test\\time-off-service\\src\\app.module.ts": {"path":"C:\\Users\\786\\OneDrive - FAST National University\\Desktop\\new test\\time-off-service\\src\\app.module.ts","statementMap":{"0":{"start":{"line":1,"column":0},"end":{"line":1,"column":40}},"1":{"start":{"line":2,"column":0},"end":{"line":2,"column":48}},"2":{"start":{"line":3,"column":0},"end":{"line":3,"column":60}},"3":{"start":{"line":4,"column":0},"end":{"line":4,"column":60}},"4":{"start":{"line":5,"column":0},"end":{"line":5,"column":45}},"5":{"start":{"line":6,"column":0},"end":{"line":6,"column":48}},"6":{"start":{"line":7,"column":0},"end":{"line":7,"column":78}},"7":{"start":{"line":8,"column":0},"end":{"line":8,"column":50}},"8":{"start":{"line":9,"column":0},"end":{"line":9,"column":61}},"9":{"start":{"line":10,"column":0},"end":{"line":10,"column":77}},"10":{"start":{"line":28,"column":7},"end":{"line":28,"column":null}},"11":{"start":{"line":28,"column":13},"end":{"line":28,"column":22}},"12":{"start":{"line":28,"column":13},"end":{"line":28,"column":null}}},"fnMap":{},"branchMap":{"0":{"loc":{"start":{"line":16,"column":16},"end":{"line":16,"column":56}},"type":"binary-expr","locations":[{"start":{"line":16,"column":16},"end":{"line":16,"column":35}},{"start":{"line":16,"column":39},"end":{"line":16,"column":56}}]}},"s":{"0":1,"1":1,"2":1,"3":1,"4":1,"5":1,"6":1,"7":1,"8":1,"9":1,"10":1,"11":1,"12":1},"f":{},"b":{"0":[1,0]}}
,"C:\\Users\\786\\OneDrive - FAST National University\\Desktop\\new test\\time-off-service\\src\\app.service.ts": {"path":"C:\\Users\\786\\OneDrive - FAST National University\\Desktop\\new test\\time-off-service\\src\\app.service.ts","statementMap":{"0":{"start":{"line":1,"column":0},"end":{"line":1,"column":44}},"1":{"start":{"line":4,"column":7},"end":{"line":8,"column":null}},"2":{"start":{"line":6,"column":4},"end":{"line":6,"column":26}},"3":{"start":{"line":4,"column":13},"end":{"line":4,"column":23}},"4":{"start":{"line":4,"column":13},"end":{"line":8,"column":null}}},"fnMap":{"0":{"name":"(anonymous_1)","decl":{"start":{"line":5,"column":2},"end":{"line":5,"column":10}},"loc":{"start":{"line":5,"column":10},"end":{"line":7,"column":3}}}},"branchMap":{},"s":{"0":0,"1":0,"2":0,"3":0,"4":0},"f":{"0":0},"b":{}}
,"C:\\Users\\786\\OneDrive - FAST National University\\Desktop\\new test\\time-off-service\\src\\balances\\balances.controller.ts": {"path":"C:\\Users\\786\\OneDrive - FAST National University\\Desktop\\new test\\time-off-service\\src\\balances\\balances.controller.ts","statementMap":{"0":{"start":{"line":1,"column":0},"end":{"line":1,"column":56}},"1":{"start":{"line":2,"column":0},"end":{"line":2,"column":53}},"2":{"start":{"line":5,"column":7},"end":{"line":18,"column":null}},"3":{"start":{"line":6,"column":31},"end":{"line":6,"column":48}},"4":{"start":{"line":10,"column":20},"end":{"line":10,"column":81}},"5":{"start":{"line":11,"column":4},"end":{"line":16,"column":6}},"6":{"start":{"line":5,"column":13},"end":{"line":5,"column":31}},"7":{"start":{"line":9,"column":8},"end":{"line":17,"column":null}},"8":{"start":{"line":5,"column":13},"end":{"line":18,"column":null}}},"fnMap":{"0":{"name":"(anonymous_4)","decl":{"start":{"line":6,"column":2},"end":{"line":6,"column":31}},"loc":{"start":{"line":6,"column":63},"end":{"line":6,"column":67}}},"1":{"name":"(anonymous_5)","decl":{"start":{"line":9,"column":8},"end":{"line":9,"column":18}},"loc":{"start":{"line":9,"column":99},"end":{"line":17,"column":3}}}},"branchMap":{"0":{"loc":{"start":{"line":6,"column":48},"end":{"line":6,"column":66}},"type":"cond-expr","locations":[{"start":{"line":6,"column":63},"end":{"line":6,"column":66}},{"start":{"line":6,"column":63},"end":{"line":6,"column":66}}]},"1":{"loc":{"start":{"line":6,"column":48},"end":{"line":6,"column":63}},"type":"binary-expr","locations":[{"start":{"line":6,"column":48},"end":{"line":6,"column":66}},{"start":{"line":6,"column":48},"end":{"line":6,"column":63}}]}},"s":{"0":1,"1":1,"2":1,"3":1,"4":6,"5":6,"6":1,"7":1,"8":1},"f":{"0":1,"1":6},"b":{"0":[1,0],"1":[1,1]}}
,"C:\\Users\\786\\OneDrive - FAST National University\\Desktop\\new test\\time-off-service\\src\\balances\\balances.module.ts": {"path":"C:\\Users\\786\\OneDrive - FAST National University\\Desktop\\new test\\time-off-service\\src\\balances\\balances.module.ts","statementMap":{"0":{"start":{"line":1,"column":0},"end":{"line":1,"column":40}},"1":{"start":{"line":2,"column":0},"end":{"line":2,"column":48}},"2":{"start":{"line":3,"column":0},"end":{"line":3,"column":53}},"3":{"start":{"line":4,"column":0},"end":{"line":4,"column":59}},"4":{"start":{"line":5,"column":0},"end":{"line":5,"column":52}},"5":{"start":{"line":6,"column":0},"end":{"line":6,"column":78}},"6":{"start":{"line":14,"column":7},"end":{"line":14,"column":null}},"7":{"start":{"line":14,"column":13},"end":{"line":14,"column":27}},"8":{"start":{"line":14,"column":13},"end":{"line":14,"column":null}}},"fnMap":{},"branchMap":{},"s":{"0":1,"1":1,"2":1,"3":1,"4":1,"5":1,"6":1,"7":1,"8":1},"f":{},"b":{}}
,"C:\\Users\\786\\OneDrive - FAST National University\\Desktop\\new test\\time-off-service\\src\\balances\\balances.service.ts": {"path":"C:\\Users\\786\\OneDrive - FAST National University\\Desktop\\new test\\time-off-service\\src\\balances\\balances.service.ts","statementMap":{"0":{"start":{"line":1,"column":0},"end":{"line":1,"column":112}},"1":{"start":{"line":2,"column":0},"end":{"line":2,"column":51}},"2":{"start":{"line":3,"column":0},"end":{"line":3,"column":37}},"3":{"start":{"line":4,"column":0},"end":{"line":4,"column":52}},"4":{"start":{"line":7,"column":7},"end":{"line":153,"column":null}},"5":{"start":{"line":10,"column":21},"end":{"line":10,"column":34}},"6":{"start":{"line":14,"column":18},"end":{"line":16,"column":6}},"7":{"start":{"line":18,"column":4},"end":{"line":35,"column":5}},"8":{"start":{"line":19,"column":6},"end":{"line":34,"column":7}},"9":{"start":{"line":20,"column":8},"end":{"line":26,"column":11}},"10":{"start":{"line":27,"column":8},"end":{"line":27,"column":55}},"11":{"start":{"line":30,"column":8},"end":{"line":32,"column":11}},"12":{"start":{"line":33,"column":8},"end":{"line":33,"column":32}},"13":{"start":{"line":33,"column":22},"end":{"line":33,"column":32}},"14":{"start":{"line":36,"column":4},"end":{"line":36,"column":19}},"15":{"start":{"line":40,"column":18},"end":{"line":40,"column":19}},"16":{"start":{"line":43,"column":4},"end":{"line":68,"column":5}},"17":{"start":{"line":44,"column":6},"end":{"line":44,"column":62}},"18":{"start":{"line":46,"column":6},"end":{"line":48,"column":7}},"19":{"start":{"line":47,"column":8},"end":{"line":47,"column":70}},"20":{"start":{"line":51,"column":21},"end":{"line":56,"column":null}},"21":{"start":{"line":59,"column":6},"end":{"line":61,"column":7}},"22":{"start":{"line":60,"column":8},"end":{"line":60,"column":55}},"23":{"start":{"line":63,"column":6},"end":{"line":63,"column":16}},"24":{"start":{"line":64,"column":6},"end":{"line":67,"column":7}},"25":{"start":{"line":66,"column":8},"end":{"line":66,"column":75}},"26":{"start":{"line":66,"column":33},"end":{"line":66,"column":73}},"27":{"start":{"line":70,"column":4},"end":{"line":70,"column":110}},"28":{"start":{"line":74,"column":18},"end":{"line":74,"column":19}},"29":{"start":{"line":75,"column":4},"end":{"line":91,"column":5}},"30":{"start":{"line":76,"column":22},"end":{"line":76,"column":67}},"31":{"start":{"line":77,"column":29},"end":{"line":77,"column":94}},"32":{"start":{"line":79,"column":21},"end":{"line":84,"column":null}},"33":{"start":{"line":87,"column":6},"end":{"line":87,"column":80}},"34":{"start":{"line":87,"column":33},"end":{"line":87,"column":80}},"35":{"start":{"line":89,"column":6},"end":{"line":89,"column":16}},"36":{"start":{"line":90,"column":6},"end":{"line":90,"column":52}},"37":{"start":{"line":90,"column":31},"end":{"line":90,"column":50}},"38":{"start":{"line":92,"column":4},"end":{"line":92,"column":81}},"39":{"start":{"line":96,"column":18},"end":{"line":96,"column":19}},"40":{"start":{"line":97,"column":4},"end":{"line":115,"column":5}},"41":{"start":{"line":98,"column":22},"end":{"line":98,"column":67}},"42":{"start":{"line":99,"column":27},"end":{"line":99,"column":52}},"43":{"start":{"line":100,"column":29},"end":{"line":100,"column":94}},"44":{"start":{"line":102,"column":21},"end":{"line":108,"column":null}},"45":{"start":{"line":111,"column":6},"end":{"line":111,"column":80}},"46":{"start":{"line":111,"column":33},"end":{"line":111,"column":80}},"47":{"start":{"line":113,"column":6},"end":{"line":113,"column":16}},"48":{"start":{"line":114,"column":6},"end":{"line":114,"column":52}},"49":{"start":{"line":114,"column":31},"end":{"line":114,"column":50}},"50":{"start":{"line":116,"column":4},"end":{"line":116,"column":84}},"51":{"start":{"line":120,"column":18},"end":{"line":120,"column":19}},"52":{"start":{"line":121,"column":4},"end":{"line":150,"column":5}},"53":{"start":{"line":122,"column":22},"end":{"line":122,"column":67}},"54":{"start":{"line":134,"column":20},"end":{"line":134,"column":66}},"55":{"start":{"line":135,"column":29},"end":{"line":135,"column":70}},"56":{"start":{"line":137,"column":21},"end":{"line":143,"column":null}},"57":{"start":{"line":146,"column":6},"end":{"line":146,"column":46}},"58":{"start":{"line":146,"column":33},"end":{"line":146,"column":46}},"59":{"start":{"line":148,"column":6},"end":{"line":148,"column":16}},"60":{"start":{"line":149,"column":6},"end":{"line":149,"column":52}},"61":{"start":{"line":149,"column":31},"end":{"line":149,"column":50}},"62":{"start":{"line":151,"column":4},"end":{"line":151,"column":86}},"63":{"start":{"line":7,"column":13},"end":{"line":7,"column":28}},"64":{"start":{"line":7,"column":13},"end":{"line":153,"column":null}}},"fnMap":{"0":{"name":"(anonymous_4)","decl":{"start":{"line":8,"column":2},"end":{"line":8,"column":null}},"loc":{"start":{"line":10,"column":53},"end":{"line":11,"column":6}}},"1":{"name":"(anonymous_5)","decl":{"start":{"line":13,"column":2},"end":{"line":13,"column":7}},"loc":{"start":{"line":13,"column":57},"end":{"line":37,"column":3}}},"2":{"name":"(anonymous_6)","decl":{"start":{"line":39,"column":2},"end":{"line":39,"column":7}},"loc":{"start":{"line":39,"column":69},"end":{"line":71,"column":3}}},"3":{"name":"(anonymous_7)","decl":{"start":{"line":66,"column":26},"end":{"line":66,"column":29}},"loc":{"start":{"line":66,"column":33},"end":{"line":66,"column":73}}},"4":{"name":"(anonymous_8)","decl":{"start":{"line":73,"column":2},"end":{"line":73,"column":7}},"loc":{"start":{"line":73,"column":71},"end":{"line":93,"column":3}}},"5":{"name":"(anonymous_9)","decl":{"start":{"line":90,"column":24},"end":{"line":90,"column":27}},"loc":{"start":{"line":90,"column":31},"end":{"line":90,"column":50}}},"6":{"name":"(anonymous_10)","decl":{"start":{"line":95,"column":2},"end":{"line":95,"column":7}},"loc":{"start":{"line":95,"column":74},"end":{"line":117,"column":3}}},"7":{"name":"(anonymous_11)","decl":{"start":{"line":114,"column":24},"end":{"line":114,"column":27}},"loc":{"start":{"line":114,"column":31},"end":{"line":114,"column":50}}},"8":{"name":"(anonymous_12)","decl":{"start":{"line":119,"column":2},"end":{"line":119,"column":7}},"loc":{"start":{"line":119,"column":83},"end":{"line":152,"column":3}}},"9":{"name":"(anonymous_13)","decl":{"start":{"line":149,"column":24},"end":{"line":149,"column":27}},"loc":{"start":{"line":149,"column":31},"end":{"line":149,"column":50}}}},"branchMap":{"0":{"loc":{"start":{"line":18,"column":4},"end":{"line":35,"column":5}},"type":"if","locations":[{"start":{"line":18,"column":4},"end":{"line":35,"column":5}},{"start":{},"end":{}}]},"1":{"loc":{"start":{"line":33,"column":8},"end":{"line":33,"column":32}},"type":"if","locations":[{"start":{"line":33,"column":8},"end":{"line":33,"column":32}},{"start":{},"end":{}}]},"2":{"loc":{"start":{"line":46,"column":6},"end":{"line":48,"column":7}},"type":"if","locations":[{"start":{"line":46,"column":6},"end":{"line":48,"column":7}},{"start":{},"end":{}}]},"3":{"loc":{"start":{"line":59,"column":6},"end":{"line":61,"column":7}},"type":"if","locations":[{"start":{"line":59,"column":6},"end":{"line":61,"column":7}},{"start":{},"end":{}}]},"4":{"loc":{"start":{"line":64,"column":6},"end":{"line":67,"column":7}},"type":"if","locations":[{"start":{"line":64,"column":6},"end":{"line":67,"column":7}},{"start":{},"end":{}}]},"5":{"loc":{"start":{"line":77,"column":29},"end":{"line":77,"column":94}},"type":"cond-expr","locations":[{"start":{"line":77,"column":63},"end":{"line":77,"column":64}},{"start":{"line":77,"column":67},"end":{"line":77,"column":94}}]},"6":{"loc":{"start":{"line":87,"column":6},"end":{"line":87,"column":80}},"type":"if","locations":[{"start":{"line":87,"column":6},"end":{"line":87,"column":80}},{"start":{},"end":{}}]},"7":{"loc":{"start":{"line":100,"column":29},"end":{"line":100,"column":94}},"type":"cond-expr","locations":[{"start":{"line":100,"column":63},"end":{"line":100,"column":64}},{"start":{"line":100,"column":67},"end":{"line":100,"column":94}}]},"8":{"loc":{"start":{"line":111,"column":6},"end":{"line":111,"column":80}},"type":"if","locations":[{"start":{"line":111,"column":6},"end":{"line":111,"column":80}},{"start":{},"end":{}}]},"9":{"loc":{"start":{"line":146,"column":6},"end":{"line":146,"column":46}},"type":"if","locations":[{"start":{"line":146,"column":6},"end":{"line":146,"column":46}},{"start":{},"end":{}}]},"10":{"loc":{"start":{"line":10,"column":34},"end":{"line":10,"column":53}},"type":"cond-expr","locations":[{"start":{"line":10,"column":44},"end":{"line":10,"column":53}},{"start":{"line":10,"column":44},"end":{"line":10,"column":53}}]},"11":{"loc":{"start":{"line":10,"column":34},"end":{"line":10,"column":44}},"type":"binary-expr","locations":[{"start":{"line":10,"column":34},"end":{"line":10,"column":53}},{"start":{"line":10,"column":34},"end":{"line":10,"column":44}}]}},"s":{"0":1,"1":1,"2":1,"3":1,"4":1,"5":1,"6":39,"7":39,"8":7,"9":7,"10":7,"11":0,"12":0,"13":0,"14":39,"15":9,"16":9,"17":13,"18":13,"19":5,"20":8,"21":8,"22":4,"23":4,"24":4,"25":4,"26":4,"27":0,"28":1,"29":1,"30":1,"31":1,"32":1,"33":1,"34":1,"35":0,"36":0,"37":0,"38":0,"39":0,"40":0,"41":0,"42":0,"43":0,"44":0,"45":0,"46":0,"47":0,"48":0,"49":0,"50":0,"51":14,"52":14,"53":14,"54":14,"55":14,"56":14,"57":14,"58":14,"59":0,"60":0,"61":0,"62":0,"63":1,"64":1},"f":{"0":1,"1":39,"2":9,"3":4,"4":1,"5":0,"6":0,"7":0,"8":14,"9":0},"b":{"0":[7,32],"1":[0,0],"2":[5,8],"3":[4,4],"4":[4,0],"5":[1,0],"6":[1,0],"7":[0,0],"8":[0,0],"9":[14,0],"10":[1,0],"11":[1,1]}}
,"C:\\Users\\786\\OneDrive - FAST National University\\Desktop\\new test\\time-off-service\\src\\balances\\entities\\balance.entity.ts": {"path":"C:\\Users\\786\\OneDrive - FAST National University\\Desktop\\new test\\time-off-service\\src\\balances\\entities\\balance.entity.ts","statementMap":{"0":{"start":{"line":1,"column":0},"end":{"line":1,"column":96}},"1":{"start":{"line":4,"column":7},"end":{"line":28,"column":null}},"2":{"start":{"line":4,"column":13},"end":{"line":4,"column":20}},"3":{"start":{"line":6,"column":2},"end":{"line":6,"column":null}},"4":{"start":{"line":10,"column":2},"end":{"line":10,"column":null}},"5":{"start":{"line":14,"column":2},"end":{"line":14,"column":null}},"6":{"start":{"line":17,"column":2},"end":{"line":17,"column":null}},"7":{"start":{"line":20,"column":2},"end":{"line":20,"column":null}},"8":{"start":{"line":23,"column":2},"end":{"line":23,"column":null}},"9":{"start":{"line":27,"column":2},"end":{"line":27,"column":null}},"10":{"start":{"line":4,"column":13},"end":{"line":28,"column":null}}},"fnMap":{},"branchMap":{"0":{"loc":{"start":{"line":27,"column":14},"end":{"line":27,"column":19}},"type":"cond-expr","locations":[{"start":{"line":27,"column":18},"end":{"line":27,"column":19}},{"start":{"line":27,"column":18},"end":{"line":27,"column":19}}]},"1":{"loc":{"start":{"line":27,"column":14},"end":{"line":27,"column":18}},"type":"binary-expr","locations":[{"start":{"line":27,"column":14},"end":{"line":27,"column":19}},{"start":{"line":27,"column":14},"end":{"line":27,"column":18}}]}},"s":{"0":1,"1":1,"2":1,"3":1,"4":1,"5":1,"6":1,"7":1,"8":1,"9":1,"10":1},"f":{},"b":{"0":[1,0],"1":[1,1]}}
,"C:\\Users\\786\\OneDrive - FAST National University\\Desktop\\new test\\time-off-service\\src\\hcm\\hcm.module.ts": {"path":"C:\\Users\\786\\OneDrive - FAST National University\\Desktop\\new test\\time-off-service\\src\\hcm\\hcm.module.ts","statementMap":{"0":{"start":{"line":1,"column":0},"end":{"line":1,"column":40}},"1":{"start":{"line":2,"column":0},"end":{"line":2,"column":43}},"2":{"start":{"line":8,"column":7},"end":{"line":8,"column":null}},"3":{"start":{"line":8,"column":13},"end":{"line":8,"column":22}},"4":{"start":{"line":8,"column":13},"end":{"line":8,"column":null}}},"fnMap":{},"branchMap":{},"s":{"0":1,"1":1,"2":1,"3":1,"4":1},"f":{},"b":{}}
,"C:\\Users\\786\\OneDrive - FAST National University\\Desktop\\new test\\time-off-service\\src\\hcm\\hcm.service.ts": {"path":"C:\\Users\\786\\OneDrive - FAST National University\\Desktop\\new test\\time-off-service\\src\\hcm\\hcm.service.ts","statementMap":{"0":{"start":{"line":1,"column":0},"end":{"line":1,"column":52}},"1":{"start":{"line":2,"column":0},"end":{"line":2,"column":26}},"2":{"start":{"line":6,"column":23},"end":{"line":49,"column":null}},"3":{"start":{"line":7,"column":28},"end":{"line":7,"column":55}},"4":{"start":{"line":8,"column":29},"end":{"line":8,"column":84}},"5":{"start":{"line":9,"column":33},"end":{"line":9,"column":34}},"6":{"start":{"line":12,"column":4},"end":{"line":33,"column":5}},"7":{"start":{"line":12,"column":23},"end":{"line":12,"column":24}},"8":{"start":{"line":13,"column":6},"end":{"line":32,"column":7}},"9":{"start":{"line":14,"column":25},"end":{"line":18,"column":10}},"10":{"start":{"line":19,"column":8},"end":{"line":19,"column":39}},"11":{"start":{"line":21,"column":20},"end":{"line":21,"column":39}},"12":{"start":{"line":22,"column":8},"end":{"line":27,"column":9}},"13":{"start":{"line":23,"column":10},"end":{"line":25,"column":12}},"14":{"start":{"line":26,"column":10},"end":{"line":26,"column":23}},"15":{"start":{"line":30,"column":24},"end":{"line":30,"column":87}},"16":{"start":{"line":31,"column":8},"end":{"line":31,"column":61}},"17":{"start":{"line":31,"column":35},"end":{"line":31,"column":59}},"18":{"start":{"line":35,"column":4},"end":{"line":35,"column":17}},"19":{"start":{"line":39,"column":4},"end":{"line":47,"column":5}},"20":{"start":{"line":40,"column":23},"end":{"line":40,"column":93}},"21":{"start":{"line":41,"column":6},"end":{"line":43,"column":7}},"22":{"start":{"line":42,"column":8},"end":{"line":42,"column":37}},"23":{"start":{"line":44,"column":6},"end":{"line":44,"column":18}},"24":{"start":{"line":46,"column":6},"end":{"line":46,"column":18}},"25":{"start":{"line":6,"column":13},"end":{"line":6,"column":23}},"26":{"start":{"line":6,"column":13},"end":{"line":49,"column":null}}},"fnMap":{"0":{"name":"(anonymous_2)","decl":{"start":{"line":11,"column":2},"end":{"line":11,"column":7}},"loc":{"start":{"line":11,"column":78},"end":{"line":36,"column":3}}},"1":{"name":"(anonymous_3)","decl":{"start":{"line":31,"column":26},"end":{"line":31,"column":27}},"loc":{"start":{"line":31,"column":35},"end":{"line":31,"column":59}}},"2":{"name":"(anonymous_4)","decl":{"start":{"line":38,"column":2},"end":{"line":38,"column":7}},"loc":{"start":{"line":38,"column":63},"end":{"line":48,"column":3}}}},"branchMap":{"0":{"loc":{"start":{"line":8,"column":29},"end":{"line":8,"column":84}},"type":"binary-expr","locations":[{"start":{"line":8,"column":29},"end":{"line":8,"column":53}},{"start":{"line":8,"column":57},"end":{"line":8,"column":84}}]},"1":{"loc":{"start":{"line":22,"column":8},"end":{"line":27,"column":9}},"type":"if","locations":[{"start":{"line":22,"column":8},"end":{"line":27,"column":9}},{"start":{},"end":{}}]},"2":{"loc":{"start":{"line":41,"column":6},"end":{"line":43,"column":7}},"type":"if","locations":[{"start":{"line":41,"column":6},"end":{"line":43,"column":7}},{"start":{},"end":{}}]}},"s":{"0":1,"1":1,"2":1,"3":1,"4":1,"5":1,"6":4,"7":4,"8":4,"9":4,"10":4,"11":0,"12":0,"13":0,"14":0,"15":0,"16":0,"17":0,"18":0,"19":6,"20":6,"21":6,"22":6,"23":0,"24":0,"25":1,"26":1},"f":{"0":4,"1":0,"2":6},"b":{"0":[1,0],"1":[0,0],"2":[6,0]}}
,"C:\\Users\\786\\OneDrive - FAST National University\\Desktop\\new test\\time-off-service\\src\\reconciliation\\reconciliation.module.ts": {"path":"C:\\Users\\786\\OneDrive - FAST National University\\Desktop\\new test\\time-off-service\\src\\reconciliation\\reconciliation.module.ts","statementMap":{"0":{"start":{"line":1,"column":0},"end":{"line":1,"column":40}},"1":{"start":{"line":2,"column":0},"end":{"line":2,"column":48}},"2":{"start":{"line":3,"column":0},"end":{"line":3,"column":65}},"3":{"start":{"line":4,"column":0},"end":{"line":4,"column":46}},"4":{"start":{"line":5,"column":0},"end":{"line":5,"column":61}},"5":{"start":{"line":6,"column":0},"end":{"line":6,"column":61}},"6":{"start":{"line":7,"column":0},"end":{"line":7,"column":78}},"7":{"start":{"line":18,"column":7},"end":{"line":18,"column":null}},"8":{"start":{"line":18,"column":13},"end":{"line":18,"column":33}},"9":{"start":{"line":18,"column":13},"end":{"line":18,"column":null}}},"fnMap":{},"branchMap":{},"s":{"0":1,"1":1,"2":1,"3":1,"4":1,"5":1,"6":1,"7":1,"8":1,"9":1},"f":{},"b":{}}
,"C:\\Users\\786\\OneDrive - FAST National University\\Desktop\\new test\\time-off-service\\src\\reconciliation\\reconciliation.service.ts": {"path":"C:\\Users\\786\\OneDrive - FAST National University\\Desktop\\new test\\time-off-service\\src\\reconciliation\\reconciliation.service.ts","statementMap":{"0":{"start":{"line":1,"column":0},"end":{"line":1,"column":52}},"1":{"start":{"line":2,"column":0},"end":{"line":2,"column":56}},"2":{"start":{"line":3,"column":0},"end":{"line":3,"column":51}},"3":{"start":{"line":4,"column":0},"end":{"line":4,"column":47}},"4":{"start":{"line":5,"column":0},"end":{"line":5,"column":93}},"5":{"start":{"line":6,"column":0},"end":{"line":6,"column":48}},"6":{"start":{"line":7,"column":0},"end":{"line":7,"column":63}},"7":{"start":{"line":9,"column":0},"end":{"line":9,"column":63}},"8":{"start":{"line":12,"column":34},"end":{"line":78,"column":null}},"9":{"start":{"line":13,"column":28},"end":{"line":13,"column":66}},"10":{"start":{"line":17,"column":21},"end":{"line":17,"column":34}},"11":{"start":{"line":18,"column":21},"end":{"line":18,"column":33}},"12":{"start":{"line":19,"column":21},"end":{"line":19,"column":38}},"13":{"start":{"line":20,"column":21},"end":{"line":20,"column":38}},"14":{"start":{"line":25,"column":4},"end":{"line":25,"column":62}},"15":{"start":{"line":27,"column":26},"end":{"line":27,"column":62}},"16":{"start":{"line":28,"column":26},"end":{"line":33,"column":6}},"17":{"start":{"line":35,"column":19},"end":{"line":35,"column":54}},"18":{"start":{"line":36,"column":4},"end":{"line":40,"column":5}},"19":{"start":{"line":37,"column":18},"end":{"line":37,"column":57}},"20":{"start":{"line":38,"column":6},"end":{"line":38,"column":48}},"21":{"start":{"line":38,"column":28},"end":{"line":38,"column":48}},"22":{"start":{"line":39,"column":6},"end":{"line":39,"column":33}},"23":{"start":{"line":42,"column":4},"end":{"line":50,"column":5}},"24":{"start":{"line":43,"column":39},"end":{"line":43,"column":53}},"25":{"start":{"line":44,"column":6},"end":{"line":49,"column":7}},"26":{"start":{"line":45,"column":8},"end":{"line":45,"column":63}},"27":{"start":{"line":47,"column":27},"end":{"line":47,"column":73}},"28":{"start":{"line":48,"column":8},"end":{"line":48,"column":73}},"29":{"start":{"line":54,"column":4},"end":{"line":54,"column":71}},"30":{"start":{"line":55,"column":29},"end":{"line":55,"column":91}},"31":{"start":{"line":57,"column":4},"end":{"line":57,"column":42}},"32":{"start":{"line":57,"column":35},"end":{"line":57,"column":42}},"33":{"start":{"line":60,"column":18},"end":{"line":60,"column":101}},"34":{"start":{"line":63,"column":4},"end":{"line":63,"column":86}},"35":{"start":{"line":66,"column":27},"end":{"line":66,"column":63}},"36":{"start":{"line":67,"column":4},"end":{"line":76,"column":5}},"37":{"start":{"line":68,"column":25},"end":{"line":68,"column":82}},"38":{"start":{"line":69,"column":6},"end":{"line":69,"column":32}},"39":{"start":{"line":69,"column":23},"end":{"line":69,"column":32}},"40":{"start":{"line":71,"column":6},"end":{"line":75,"column":7}},"41":{"start":{"line":73,"column":8},"end":{"line":73,"column":78}},"42":{"start":{"line":74,"column":8},"end":{"line":74,"column":61}},"43":{"start":{"line":12,"column":13},"end":{"line":12,"column":34}},"44":{"start":{"line":24,"column":8},"end":{"line":51,"column":null}},"45":{"start":{"line":12,"column":13},"end":{"line":78,"column":null}}},"fnMap":{"0":{"name":"(anonymous_4)","decl":{"start":{"line":15,"column":2},"end":{"line":15,"column":null}},"loc":{"start":{"line":20,"column":53},"end":{"line":21,"column":6}}},"1":{"name":"(anonymous_5)","decl":{"start":{"line":24,"column":8},"end":{"line":24,"column":18}},"loc":{"start":{"line":24,"column":18},"end":{"line":51,"column":3}}},"2":{"name":"(anonymous_6)","decl":{"start":{"line":53,"column":2},"end":{"line":53,"column":7}},"loc":{"start":{"line":53,"column":84},"end":{"line":77,"column":3}}}},"branchMap":{"0":{"loc":{"start":{"line":38,"column":6},"end":{"line":38,"column":48}},"type":"if","locations":[{"start":{"line":38,"column":6},"end":{"line":38,"column":48}},{"start":{},"end":{}}]},"1":{"loc":{"start":{"line":47,"column":27},"end":{"line":47,"column":73}},"type":"cond-expr","locations":[{"start":{"line":47,"column":50},"end":{"line":47,"column":59}},{"start":{"line":47,"column":62},"end":{"line":47,"column":73}}]},"2":{"loc":{"start":{"line":57,"column":4},"end":{"line":57,"column":42}},"type":"if","locations":[{"start":{"line":57,"column":4},"end":{"line":57,"column":42}},{"start":{},"end":{}}]},"3":{"loc":{"start":{"line":69,"column":6},"end":{"line":69,"column":32}},"type":"if","locations":[{"start":{"line":69,"column":6},"end":{"line":69,"column":32}},{"start":{},"end":{}}]},"4":{"loc":{"start":{"line":71,"column":6},"end":{"line":75,"column":7}},"type":"if","locations":[{"start":{"line":71,"column":6},"end":{"line":75,"column":7}},{"start":{},"end":{}}]},"5":{"loc":{"start":{"line":71,"column":10},"end":{"line":72,"column":48}},"type":"binary-expr","locations":[{"start":{"line":71,"column":11},"end":{"line":71,"column":57}},{"start":{"line":71,"column":61},"end":{"line":71,"column":104}},{"start":{"line":72,"column":10},"end":{"line":72,"column":48}}]},"6":{"loc":{"start":{"line":17,"column":34},"end":{"line":17,"column":60}},"type":"cond-expr","locations":[{"start":{"line":17,"column":44},"end":{"line":17,"column":60}},{"start":{"line":17,"column":44},"end":{"line":17,"column":60}}]},"7":{"loc":{"start":{"line":17,"column":34},"end":{"line":17,"column":44}},"type":"binary-expr","locations":[{"start":{"line":17,"column":34},"end":{"line":17,"column":60}},{"start":{"line":17,"column":34},"end":{"line":17,"column":44}}]},"8":{"loc":{"start":{"line":17,"column":44},"end":{"line":18,"column":null}},"type":"cond-expr","locations":[{"start":{"line":18,"column":43},"end":{"line":18,"column":null}},{"start":{"line":18,"column":43},"end":{"line":18,"column":null}}]},"9":{"loc":{"start":{"line":17,"column":44},"end":{"line":18,"column":43}},"type":"binary-expr","locations":[{"start":{"line":17,"column":44},"end":{"line":18,"column":null}},{"start":{"line":18,"column":33},"end":{"line":18,"column":43}}]},"10":{"loc":{"start":{"line":18,"column":43},"end":{"line":19,"column":null}},"type":"cond-expr","locations":[{"start":{"line":19,"column":53},"end":{"line":19,"column":null}},{"start":{"line":19,"column":53},"end":{"line":19,"column":null}}]},"11":{"loc":{"start":{"line":18,"column":43},"end":{"line":19,"column":53}},"type":"binary-expr","locations":[{"start":{"line":18,"column":43},"end":{"line":19,"column":null}},{"start":{"line":19,"column":38},"end":{"line":19,"column":53}}]},"12":{"loc":{"start":{"line":19,"column":53},"end":{"line":20,"column":null}},"type":"cond-expr","locations":[{"start":{"line":20,"column":53},"end":{"line":20,"column":null}},{"start":{"line":20,"column":53},"end":{"line":20,"column":null}}]},"13":{"loc":{"start":{"line":19,"column":53},"end":{"line":20,"column":53}},"type":"binary-expr","locations":[{"start":{"line":19,"column":53},"end":{"line":20,"column":null}},{"start":{"line":20,"column":38},"end":{"line":20,"column":53}}]}},"s":{"0":1,"1":1,"2":1,"3":1,"4":1,"5":1,"6":1,"7":1,"8":1,"9":1,"10":1,"11":1,"12":1,"13":1,"14":2,"15":2,"16":2,"17":2,"18":2,"19":7,"20":7,"21":6,"22":7,"23":2,"24":6,"25":6,"26":6,"27":0,"28":0,"29":6,"30":6,"31":6,"32":0,"33":6,"34":6,"35":6,"36":6,"37":7,"38":7,"39":0,"40":7,"41":1,"42":1,"43":1,"44":1,"45":1},"f":{"0":1,"1":2,"2":6},"b":{"0":[6,1],"1":[0,0],"2":[0,6],"3":[0,7],"4":[1,6],"5":[7,5,3],"6":[1,0],"7":[1,1],"8":[1,0],"9":[1,1],"10":[1,0],"11":[1,1],"12":[1,0],"13":[1,1]}}
,"C:\\Users\\786\\OneDrive - FAST National University\\Desktop\\new test\\time-off-service\\src\\requests\\requests.controller.ts": {"path":"C:\\Users\\786\\OneDrive - FAST National University\\Desktop\\new test\\time-off-service\\src\\requests\\requests.controller.ts","statementMap":{"0":{"start":{"line":1,"column":0},"end":{"line":1,"column":68}},"1":{"start":{"line":2,"column":0},"end":{"line":2,"column":53}},"2":{"start":{"line":3,"column":0},"end":{"line":3,"column":58}},"3":{"start":{"line":5,"column":0},"end":{"line":5,"column":13}},"4":{"start":{"line":7,"column":2},"end":{"line":7,"column":null}},"5":{"start":{"line":10,"column":2},"end":{"line":10,"column":null}},"6":{"start":{"line":14,"column":2},"end":{"line":14,"column":null}},"7":{"start":{"line":18,"column":7},"end":{"line":25,"column":null}},"8":{"start":{"line":19,"column":31},"end":{"line":19,"column":48}},"9":{"start":{"line":23,"column":4},"end":{"line":23,"column":88}},"10":{"start":{"line":18,"column":13},"end":{"line":18,"column":31}},"11":{"start":{"line":22,"column":8},"end":{"line":24,"column":null}},"12":{"start":{"line":18,"column":13},"end":{"line":25,"column":null}}},"fnMap":{"0":{"name":"(anonymous_4)","decl":{"start":{"line":19,"column":2},"end":{"line":19,"column":31}},"loc":{"start":{"line":19,"column":63},"end":{"line":19,"column":67}}},"1":{"name":"(anonymous_5)","decl":{"start":{"line":22,"column":8},"end":{"line":22,"column":28}},"loc":{"start":{"line":22,"column":58},"end":{"line":24,"column":3}}}},"branchMap":{"0":{"loc":{"start":{"line":19,"column":48},"end":{"line":19,"column":66}},"type":"cond-expr","locations":[{"start":{"line":19,"column":63},"end":{"line":19,"column":66}},{"start":{"line":19,"column":63},"end":{"line":19,"column":66}}]},"1":{"loc":{"start":{"line":19,"column":48},"end":{"line":19,"column":63}},"type":"binary-expr","locations":[{"start":{"line":19,"column":48},"end":{"line":19,"column":66}},{"start":{"line":19,"column":48},"end":{"line":19,"column":63}}]}},"s":{"0":1,"1":1,"2":1,"3":1,"4":1,"5":1,"6":1,"7":1,"8":1,"9":9,"10":1,"11":1,"12":1},"f":{"0":1,"1":9},"b":{"0":[1,0],"1":[1,1]}}
,"C:\\Users\\786\\OneDrive - FAST National University\\Desktop\\new test\\time-off-service\\src\\requests\\requests.module.ts": {"path":"C:\\Users\\786\\OneDrive - FAST National University\\Desktop\\new test\\time-off-service\\src\\requests\\requests.module.ts","statementMap":{"0":{"start":{"line":1,"column":0},"end":{"line":1,"column":40}},"1":{"start":{"line":2,"column":0},"end":{"line":2,"column":48}},"2":{"start":{"line":3,"column":0},"end":{"line":3,"column":53}},"3":{"start":{"line":4,"column":0},"end":{"line":4,"column":59}},"4":{"start":{"line":5,"column":0},"end":{"line":5,"column":68}},"5":{"start":{"line":6,"column":0},"end":{"line":6,"column":61}},"6":{"start":{"line":7,"column":0},"end":{"line":7,"column":46}},"7":{"start":{"line":19,"column":7},"end":{"line":19,"column":null}},"8":{"start":{"line":19,"column":13},"end":{"line":19,"column":27}},"9":{"start":{"line":19,"column":13},"end":{"line":19,"column":null}}},"fnMap":{},"branchMap":{},"s":{"0":1,"1":1,"2":1,"3":1,"4":1,"5":1,"6":1,"7":1,"8":1,"9":1},"f":{},"b":{}}
,"C:\\Users\\786\\OneDrive - FAST National University\\Desktop\\new test\\time-off-service\\src\\requests\\requests.service.ts": {"path":"C:\\Users\\786\\OneDrive - FAST National University\\Desktop\\new test\\time-off-service\\src\\requests\\requests.service.ts","statementMap":{"0":{"start":{"line":1,"column":0},"end":{"line":1,"column":63}},"1":{"start":{"line":2,"column":0},"end":{"line":2,"column":51}},"2":{"start":{"line":3,"column":0},"end":{"line":3,"column":47}},"3":{"start":{"line":4,"column":0},"end":{"line":4,"column":83}},"4":{"start":{"line":5,"column":0},"end":{"line":5,"column":63}},"5":{"start":{"line":6,"column":0},"end":{"line":6,"column":48}},"6":{"start":{"line":7,"column":0},"end":{"line":7,"column":36}},"7":{"start":{"line":10,"column":7},"end":{"line":95,"column":null}},"8":{"start":{"line":13,"column":21},"end":{"line":13,"column":34}},"9":{"start":{"line":14,"column":21},"end":{"line":14,"column":38}},"10":{"start":{"line":15,"column":21},"end":{"line":15,"column":33}},"11":{"start":{"line":21,"column":4},"end":{"line":21,"column":70}},"12":{"start":{"line":24,"column":18},"end":{"line":30,"column":6}},"13":{"start":{"line":31,"column":4},"end":{"line":31,"column":51}},"14":{"start":{"line":34,"column":22},"end":{"line":34,"column":91}},"15":{"start":{"line":38,"column":4},"end":{"line":48,"column":5}},"16":{"start":{"line":39,"column":6},"end":{"line":39,"column":48}},"17":{"start":{"line":41,"column":6},"end":{"line":41,"column":48}},"18":{"start":{"line":42,"column":6},"end":{"line":47,"column":7}},"19":{"start":{"line":44,"column":8},"end":{"line":44,"column":76}},"20":{"start":{"line":46,"column":8},"end":{"line":46,"column":92}},"21":{"start":{"line":49,"column":4},"end":{"line":49,"column":41}},"22":{"start":{"line":50,"column":4},"end":{"line":50,"column":19}},"23":{"start":{"line":54,"column":4},"end":{"line":54,"column":27}},"24":{"start":{"line":54,"column":20},"end":{"line":54,"column":27}},"25":{"start":{"line":57,"column":27},"end":{"line":68,"column":6}},"26":{"start":{"line":70,"column":25},"end":{"line":70,"column":30}},"27":{"start":{"line":71,"column":4},"end":{"line":81,"column":5}},"28":{"start":{"line":72,"column":6},"end":{"line":72,"column":37}},"29":{"start":{"line":72,"column":31},"end":{"line":72,"column":37}},"30":{"start":{"line":74,"column":6},"end":{"line":78,"column":7}},"31":{"start":{"line":75,"column":8},"end":{"line":75,"column":44}},"32":{"start":{"line":76,"column":8},"end":{"line":76,"column":41}},"33":{"start":{"line":77,"column":8},"end":{"line":77,"column":45}},"34":{"start":{"line":85,"column":20},"end":{"line":85,"column":69}},"35":{"start":{"line":86,"column":4},"end":{"line":86,"column":72}},"36":{"start":{"line":86,"column":65},"end":{"line":86,"column":72}},"37":{"start":{"line":89,"column":4},"end":{"line":89,"column":108}},"38":{"start":{"line":92,"column":4},"end":{"line":92,"column":46}},"39":{"start":{"line":93,"column":4},"end":{"line":93,"column":41}},"40":{"start":{"line":10,"column":13},"end":{"line":10,"column":28}},"41":{"start":{"line":10,"column":13},"end":{"line":95,"column":null}}},"fnMap":{"0":{"name":"(anonymous_4)","decl":{"start":{"line":11,"column":2},"end":{"line":11,"column":null}},"loc":{"start":{"line":15,"column":43},"end":{"line":16,"column":6}}},"1":{"name":"(anonymous_5)","decl":{"start":{"line":18,"column":2},"end":{"line":18,"column":7}},"loc":{"start":{"line":18,"column":74},"end":{"line":51,"column":3}}},"2":{"name":"(anonymous_6)","decl":{"start":{"line":53,"column":2},"end":{"line":53,"column":7}},"loc":{"start":{"line":53,"column":85},"end":{"line":82,"column":3}}},"3":{"name":"(anonymous_7)","decl":{"start":{"line":84,"column":2},"end":{"line":84,"column":7}},"loc":{"start":{"line":84,"column":36},"end":{"line":94,"column":3}}}},"branchMap":{"0":{"loc":{"start":{"line":38,"column":4},"end":{"line":48,"column":5}},"type":"if","locations":[{"start":{"line":38,"column":4},"end":{"line":48,"column":5}},{"start":{"line":40,"column":11},"end":{"line":48,"column":5}}]},"1":{"loc":{"start":{"line":54,"column":4},"end":{"line":54,"column":27}},"type":"if","locations":[{"start":{"line":54,"column":4},"end":{"line":54,"column":27}},{"start":{},"end":{}}]},"2":{"loc":{"start":{"line":72,"column":6},"end":{"line":72,"column":37}},"type":"if","locations":[{"start":{"line":72,"column":6},"end":{"line":72,"column":37}},{"start":{},"end":{}}]},"3":{"loc":{"start":{"line":74,"column":6},"end":{"line":78,"column":7}},"type":"if","locations":[{"start":{"line":74,"column":6},"end":{"line":78,"column":7}},{"start":{},"end":{}}]},"4":{"loc":{"start":{"line":86,"column":4},"end":{"line":86,"column":72}},"type":"if","locations":[{"start":{"line":86,"column":4},"end":{"line":86,"column":72}},{"start":{},"end":{}}]},"5":{"loc":{"start":{"line":86,"column":8},"end":{"line":86,"column":63}},"type":"binary-expr","locations":[{"start":{"line":86,"column":8},"end":{"line":86,"column":16}},{"start":{"line":86,"column":20},"end":{"line":86,"column":63}}]},"6":{"loc":{"start":{"line":13,"column":34},"end":{"line":13,"column":60}},"type":"cond-expr","locations":[{"start":{"line":13,"column":44},"end":{"line":13,"column":60}},{"start":{"line":13,"column":44},"end":{"line":13,"column":60}}]},"7":{"loc":{"start":{"line":13,"column":34},"end":{"line":13,"column":44}},"type":"binary-expr","locations":[{"start":{"line":13,"column":34},"end":{"line":13,"column":60}},{"start":{"line":13,"column":34},"end":{"line":13,"column":44}}]},"8":{"loc":{"start":{"line":13,"column":44},"end":{"line":14,"column":null}},"type":"cond-expr","locations":[{"start":{"line":14,"column":53},"end":{"line":14,"column":null}},{"start":{"line":14,"column":53},"end":{"line":14,"column":null}}]},"9":{"loc":{"start":{"line":13,"column":44},"end":{"line":14,"column":53}},"type":"binary-expr","locations":[{"start":{"line":13,"column":44},"end":{"line":14,"column":null}},{"start":{"line":14,"column":38},"end":{"line":14,"column":53}}]},"10":{"loc":{"start":{"line":14,"column":53},"end":{"line":15,"column":null}},"type":"cond-expr","locations":[{"start":{"line":15,"column":43},"end":{"line":15,"column":null}},{"start":{"line":15,"column":43},"end":{"line":15,"column":null}}]},"11":{"loc":{"start":{"line":14,"column":53},"end":{"line":15,"column":43}},"type":"binary-expr","locations":[{"start":{"line":14,"column":53},"end":{"line":15,"column":null}},{"start":{"line":15,"column":33},"end":{"line":15,"column":43}}]}},"s":{"0":1,"1":1,"2":1,"3":1,"4":1,"5":1,"6":1,"7":1,"8":1,"9":1,"10":1,"11":9,"12":4,"13":4,"14":4,"15":4,"16":4,"17":0,"18":0,"19":0,"20":0,"21":4,"22":4,"23":14,"24":10,"25":4,"26":4,"27":4,"28":5,"29":0,"30":5,"31":5,"32":5,"33":5,"34":1,"35":1,"36":0,"37":1,"38":1,"39":1,"40":1,"41":1},"f":{"0":1,"1":9,"2":14,"3":1},"b":{"0":[4,0],"1":[10,4],"2":[0,5],"3":[5,0],"4":[0,1],"5":[1,1],"6":[1,0],"7":[1,1],"8":[1,0],"9":[1,1],"10":[1,0],"11":[1,1]}}
,"C:\\Users\\786\\OneDrive - FAST National University\\Desktop\\new test\\time-off-service\\src\\requests\\entities\\time-off-request.entity.ts": {"path":"C:\\Users\\786\\OneDrive - FAST National University\\Desktop\\new test\\time-off-service\\src\\requests\\entities\\time-off-request.entity.ts","statementMap":{"0":{"start":{"line":1,"column":0},"end":{"line":1,"column":99}},"1":{"start":{"line":3,"column":0},"end":{"line":3,"column":null}},"2":{"start":{"line":4,"column":2},"end":{"line":4,"column":null}},"3":{"start":{"line":5,"column":2},"end":{"line":5,"column":null}},"4":{"start":{"line":6,"column":2},"end":{"line":6,"column":null}},"5":{"start":{"line":7,"column":2},"end":{"line":7,"column":null}},"6":{"start":{"line":8,"column":2},"end":{"line":8,"column":null}},"7":{"start":{"line":12,"column":7},"end":{"line":41,"column":null}},"8":{"start":{"line":12,"column":13},"end":{"line":12,"column":27}},"9":{"start":{"line":14,"column":2},"end":{"line":14,"column":null}},"10":{"start":{"line":18,"column":2},"end":{"line":18,"column":null}},"11":{"start":{"line":22,"column":2},"end":{"line":22,"column":null}},"12":{"start":{"line":25,"column":2},"end":{"line":25,"column":null}},"13":{"start":{"line":33,"column":2},"end":{"line":33,"column":null}},"14":{"start":{"line":37,"column":2},"end":{"line":37,"column":null}},"15":{"start":{"line":40,"column":2},"end":{"line":40,"column":null}},"16":{"start":{"line":12,"column":13},"end":{"line":41,"column":null}}},"fnMap":{"0":{"name":"(anonymous_2)","decl":{"start":{"line":3,"column":0},"end":{"line":3,"column":12}},"loc":{"start":{"line":3,"column":25},"end":{"line":9,"column":1}}}},"branchMap":{"0":{"loc":{"start":{"line":3,"column":12},"end":{"line":3,"column":null}},"type":"binary-expr","locations":[{"start":{"line":3,"column":12},"end":{"line":3,"column":25}},{"start":{"line":3,"column":25},"end":{"line":3,"column":null}}]},"1":{"loc":{"start":{"line":37,"column":14},"end":{"line":37,"column":19}},"type":"cond-expr","locations":[{"start":{"line":37,"column":18},"end":{"line":37,"column":19}},{"start":{"line":37,"column":18},"end":{"line":37,"column":19}}]},"2":{"loc":{"start":{"line":37,"column":14},"end":{"line":37,"column":18}},"type":"binary-expr","locations":[{"start":{"line":37,"column":14},"end":{"line":37,"column":19}},{"start":{"line":37,"column":14},"end":{"line":37,"column":18}}]},"3":{"loc":{"start":{"line":40,"column":14},"end":{"line":40,"column":19}},"type":"cond-expr","locations":[{"start":{"line":40,"column":18},"end":{"line":40,"column":19}},{"start":{"line":40,"column":18},"end":{"line":40,"column":19}}]},"4":{"loc":{"start":{"line":40,"column":14},"end":{"line":40,"column":18}},"type":"binary-expr","locations":[{"start":{"line":40,"column":14},"end":{"line":40,"column":19}},{"start":{"line":40,"column":14},"end":{"line":40,"column":18}}]}},"s":{"0":1,"1":1,"2":1,"3":1,"4":1,"5":1,"6":1,"7":1,"8":1,"9":1,"10":1,"11":1,"12":1,"13":1,"14":1,"15":1,"16":1},"f":{"0":1},"b":{"0":[1,1],"1":[1,0],"2":[1,1],"3":[1,0],"4":[1,1]}}
,"C:\\Users\\786\\OneDrive - FAST National University\\Desktop\\new test\\time-off-service\\src\\sync\\sync.controller.ts": {"path":"C:\\Users\\786\\OneDrive - FAST National University\\Desktop\\new test\\time-off-service\\src\\sync\\sync.controller.ts","statementMap":{"0":{"start":{"line":1,"column":0},"end":{"line":1,"column":64}},"1":{"start":{"line":2,"column":0},"end":{"line":2,"column":63}},"2":{"start":{"line":3,"column":0},"end":{"line":3,"column":63}},"3":{"start":{"line":5,"column":0},"end":{"line":5,"column":78}},"4":{"start":{"line":6,"column":0},"end":{"line":6,"column":41}},"5":{"start":{"line":8,"column":0},"end":{"line":8,"column":13}},"6":{"start":{"line":10,"column":2},"end":{"line":10,"column":null}},"7":{"start":{"line":13,"column":2},"end":{"line":13,"column":null}},"8":{"start":{"line":16,"column":2},"end":{"line":16,"column":null}},"9":{"start":{"line":19,"column":0},"end":{"line":19,"column":13}},"10":{"start":{"line":23,"column":2},"end":{"line":23,"column":null}},"11":{"start":{"line":22,"column":14},"end":{"line":22,"column":25}},"12":{"start":{"line":27,"column":27},"end":{"line":51,"column":null}},"13":{"start":{"line":28,"column":28},"end":{"line":28,"column":59}},"14":{"start":{"line":31,"column":21},"end":{"line":31,"column":38}},"15":{"start":{"line":32,"column":21},"end":{"line":32,"column":38}},"16":{"start":{"line":37,"column":98},"end":{"line":37,"column":100}},"17":{"start":{"line":38,"column":4},"end":{"line":48,"column":5}},"18":{"start":{"line":39,"column":6},"end":{"line":47,"column":7}},"19":{"start":{"line":40,"column":22},"end":{"line":40,"column":111}},"20":{"start":{"line":41,"column":8},"end":{"line":41,"column":100}},"21":{"start":{"line":42,"column":8},"end":{"line":42,"column":73}},"22":{"start":{"line":44,"column":24},"end":{"line":44,"column":87}},"23":{"start":{"line":45,"column":8},"end":{"line":45,"column":82}},"24":{"start":{"line":46,"column":8},"end":{"line":46,"column":89}},"25":{"start":{"line":49,"column":4},"end":{"line":49,"column":37}},"26":{"start":{"line":27,"column":13},"end":{"line":27,"column":27}},"27":{"start":{"line":36,"column":8},"end":{"line":50,"column":null}},"28":{"start":{"line":27,"column":13},"end":{"line":51,"column":null}}},"fnMap":{"0":{"name":"(anonymous_4)","decl":{"start":{"line":22,"column":8},"end":{"line":22,"column":11}},"loc":{"start":{"line":22,"column":14},"end":{"line":22,"column":25}}},"1":{"name":"(anonymous_5)","decl":{"start":{"line":30,"column":2},"end":{"line":30,"column":null}},"loc":{"start":{"line":32,"column":53},"end":{"line":33,"column":6}}},"2":{"name":"(anonymous_6)","decl":{"start":{"line":36,"column":8},"end":{"line":36,"column":23}},"loc":{"start":{"line":36,"column":49},"end":{"line":50,"column":3}}}},"branchMap":{"0":{"loc":{"start":{"line":44,"column":24},"end":{"line":44,"column":87}},"type":"cond-expr","locations":[{"start":{"line":44,"column":47},"end":{"line":44,"column":58}},{"start":{"line":44,"column":61},"end":{"line":44,"column":87}}]},"1":{"loc":{"start":{"line":31,"column":38},"end":{"line":31,"column":null}},"type":"cond-expr","locations":[{"start":{"line":31,"column":53},"end":{"line":31,"column":null}},{"start":{"line":31,"column":53},"end":{"line":31,"column":null}}]},"2":{"loc":{"start":{"line":31,"column":38},"end":{"line":31,"column":53}},"type":"binary-expr","locations":[{"start":{"line":31,"column":38},"end":{"line":31,"column":null}},{"start":{"line":31,"column":38},"end":{"line":31,"column":53}}]},"3":{"loc":{"start":{"line":31,"column":53},"end":{"line":32,"column":null}},"type":"cond-expr","locations":[{"start":{"line":32,"column":53},"end":{"line":32,"column":null}},{"start":{"line":32,"column":53},"end":{"line":32,"column":null}}]},"4":{"loc":{"start":{"line":31,"column":53},"end":{"line":32,"column":53}},"type":"binary-expr","locations":[{"start":{"line":31,"column":53},"end":{"line":32,"column":null}},{"start":{"line":32,"column":38},"end":{"line":32,"column":53}}]}},"s":{"0":1,"1":1,"2":1,"3":1,"4":1,"5":1,"6":1,"7":1,"8":1,"9":1,"10":1,"11":8,"12":1,"13":1,"14":1,"15":1,"16":8,"17":8,"18":8,"19":8,"20":8,"21":8,"22":0,"23":0,"24":0,"25":8,"26":1,"27":1,"28":1},"f":{"0":8,"1":1,"2":8},"b":{"0":[0,0],"1":[1,0],"2":[1,1],"3":[1,0],"4":[1,1]}}
,"C:\\Users\\786\\OneDrive - FAST National University\\Desktop\\new test\\time-off-service\\src\\sync\\sync.module.ts": {"path":"C:\\Users\\786\\OneDrive - FAST National University\\Desktop\\new test\\time-off-service\\src\\sync\\sync.module.ts","statementMap":{"0":{"start":{"line":1,"column":0},"end":{"line":1,"column":40}},"1":{"start":{"line":2,"column":0},"end":{"line":2,"column":51}},"2":{"start":{"line":3,"column":0},"end":{"line":3,"column":61}},"3":{"start":{"line":4,"column":0},"end":{"line":4,"column":61}},"4":{"start":{"line":10,"column":7},"end":{"line":10,"column":null}},"5":{"start":{"line":10,"column":13},"end":{"line":10,"column":23}},"6":{"start":{"line":10,"column":13},"end":{"line":10,"column":null}}},"fnMap":{},"branchMap":{},"s":{"0":1,"1":1,"2":1,"3":1,"4":1,"5":1,"6":1},"f":{},"b":{}}
,"C:\\Users\\786\\OneDrive - FAST National University\\Desktop\\new test\\time-off-service\\test\\hcm-mock.server.ts": {"path":"C:\\Users\\786\\OneDrive - FAST National University\\Desktop\\new test\\time-off-service\\test\\hcm-mock.server.ts","statementMap":{"0":{"start":{"line":1,"column":0},"end":{"line":1,"column":30}},"1":{"start":{"line":3,"column":12},"end":{"line":3,"column":21}},"2":{"start":{"line":4,"column":0},"end":{"line":4,"column":24}},"3":{"start":{"line":7,"column":18},"end":{"line":7,"column":20}},"4":{"start":{"line":8,"column":23},"end":{"line":8,"column":31}},"5":{"start":{"line":10,"column":0},"end":{"line":13,"column":3}},"6":{"start":{"line":11,"column":2},"end":{"line":11,"column":35}},"7":{"start":{"line":12,"column":2},"end":{"line":12,"column":54}},"8":{"start":{"line":15,"column":0},"end":{"line":19,"column":3}},"9":{"start":{"line":16,"column":37},"end":{"line":16,"column":47}},"10":{"start":{"line":17,"column":18},"end":{"line":17,"column":65}},"11":{"start":{"line":18,"column":2},"end":{"line":18,"column":48}},"12":{"start":{"line":21,"column":0},"end":{"line":51,"column":3}},"13":{"start":{"line":22,"column":43},"end":{"line":22,"column":51}},"14":{"start":{"line":23,"column":15},"end":{"line":23,"column":28}},"15":{"start":{"line":24,"column":2},"end":{"line":30,"column":3}},"16":{"start":{"line":25,"column":4},"end":{"line":25,"column":18}},"17":{"start":{"line":26,"column":9},"end":{"line":30,"column":3}},"18":{"start":{"line":27,"column":4},"end":{"line":27,"column":18}},"19":{"start":{"line":28,"column":9},"end":{"line":30,"column":3}},"20":{"start":{"line":29,"column":4},"end":{"line":29,"column":17}},"21":{"start":{"line":32,"column":2},"end":{"line":35,"column":3}},"22":{"start":{"line":34,"column":4},"end":{"line":34,"column":65}},"23":{"start":{"line":37,"column":2},"end":{"line":40,"column":3}},"24":{"start":{"line":39,"column":4},"end":{"line":39,"column":89}},"25":{"start":{"line":43,"column":14},"end":{"line":43,"column":43}},"26":{"start":{"line":44,"column":2},"end":{"line":48,"column":3}},"27":{"start":{"line":45,"column":4},"end":{"line":45,"column":29}},"28":{"start":{"line":47,"column":4},"end":{"line":47,"column":29}},"29":{"start":{"line":50,"column":2},"end":{"line":50,"column":42}},"30":{"start":{"line":54,"column":0},"end":{"line":58,"column":3}},"31":{"start":{"line":55,"column":46},"end":{"line":55,"column":54}},"32":{"start":{"line":56,"column":2},"end":{"line":56,"column":55}},"33":{"start":{"line":57,"column":2},"end":{"line":57,"column":39}},"34":{"start":{"line":61,"column":27},"end":{"line":68,"column":1}},"35":{"start":{"line":62,"column":2},"end":{"line":67,"column":5}},"36":{"start":{"line":63,"column":4},"end":{"line":66,"column":7}},"37":{"start":{"line":64,"column":6},"end":{"line":64,"column":61}},"38":{"start":{"line":65,"column":6},"end":{"line":65,"column":22}},"39":{"start":{"line":61,"column":13},"end":{"line":61,"column":27}},"40":{"start":{"line":70,"column":26},"end":{"line":72,"column":1}},"41":{"start":{"line":71,"column":2},"end":{"line":71,"column":29}},"42":{"start":{"line":71,"column":14},"end":{"line":71,"column":29}},"43":{"start":{"line":70,"column":13},"end":{"line":70,"column":26}},"44":{"start":{"line":75,"column":0},"end":{"line":78,"column":1}},"45":{"start":{"line":76,"column":21},"end":{"line":76,"column":57}},"46":{"start":{"line":77,"column":2},"end":{"line":77,"column":26}}},"fnMap":{"0":{"name":"(anonymous_1)","decl":{"start":{"line":10,"column":33},"end":{"line":10,"column":34}},"loc":{"start":{"line":10,"column":46},"end":{"line":13,"column":1}}},"1":{"name":"(anonymous_2)","decl":{"start":{"line":15,"column":48},"end":{"line":15,"column":49}},"loc":{"start":{"line":15,"column":61},"end":{"line":19,"column":1}}},"2":{"name":"(anonymous_3)","decl":{"start":{"line":21,"column":24},"end":{"line":21,"column":25}},"loc":{"start":{"line":21,"column":37},"end":{"line":51,"column":1}}},"3":{"name":"(anonymous_4)","decl":{"start":{"line":54,"column":35},"end":{"line":54,"column":36}},"loc":{"start":{"line":54,"column":48},"end":{"line":58,"column":1}}},"4":{"name":"(anonymous_5)","decl":{"start":{"line":61,"column":27},"end":{"line":61,"column":28}},"loc":{"start":{"line":61,"column":43},"end":{"line":68,"column":1}}},"5":{"name":"(anonymous_6)","decl":{"start":{"line":62,"column":21},"end":{"line":62,"column":22}},"loc":{"start":{"line":62,"column":33},"end":{"line":67,"column":3}}},"6":{"name":"(anonymous_7)","decl":{"start":{"line":63,"column":30},"end":{"line":63,"column":33}},"loc":{"start":{"line":63,"column":35},"end":{"line":66,"column":5}}},"7":{"name":"(anonymous_8)","decl":{"start":{"line":70,"column":26},"end":{"line":70,"column":29}},"loc":{"start":{"line":70,"column":31},"end":{"line":72,"column":1}}}},"branchMap":{"0":{"loc":{"start":{"line":17,"column":18},"end":{"line":17,"column":65}},"type":"binary-expr","locations":[{"start":{"line":17,"column":18},"end":{"line":17,"column":60}},{"start":{"line":17,"column":64},"end":{"line":17,"column":65}}]},"1":{"loc":{"start":{"line":24,"column":2},"end":{"line":30,"column":3}},"type":"if","locations":[{"start":{"line":24,"column":2},"end":{"line":30,"column":3}},{"start":{"line":26,"column":9},"end":{"line":30,"column":3}}]},"2":{"loc":{"start":{"line":26,"column":9},"end":{"line":30,"column":3}},"type":"if","locations":[{"start":{"line":26,"column":9},"end":{"line":30,"column":3}},{"start":{"line":28,"column":9},"end":{"line":30,"column":3}}]},"3":{"loc":{"start":{"line":28,"column":9},"end":{"line":30,"column":3}},"type":"if","locations":[{"start":{"line":28,"column":9},"end":{"line":30,"column":3}},{"start":{},"end":{}}]},"4":{"loc":{"start":{"line":32,"column":2},"end":{"line":35,"column":3}},"type":"if","locations":[{"start":{"line":32,"column":2},"end":{"line":35,"column":3}},{"start":{},"end":{}}]},"5":{"loc":{"start":{"line":37,"column":2},"end":{"line":40,"column":3}},"type":"if","locations":[{"start":{"line":37,"column":2},"end":{"line":40,"column":3}},{"start":{},"end":{}}]},"6":{"loc":{"start":{"line":44,"column":2},"end":{"line":48,"column":3}},"type":"if","locations":[{"start":{"line":44,"column":2},"end":{"line":48,"column":3}},{"start":{"line":46,"column":9},"end":{"line":48,"column":3}}]},"7":{"loc":{"start":{"line":61,"column":28},"end":{"line":61,"column":39}},"type":"default-arg","locations":[{"start":{"line":61,"column":35},"end":{"line":61,"column":39}}]},"8":{"loc":{"start":{"line":71,"column":2},"end":{"line":71,"column":29}},"type":"if","locations":[{"start":{"line":71,"column":2},"end":{"line":71,"column":29}},{"start":{},"end":{}}]},"9":{"loc":{"start":{"line":75,"column":0},"end":{"line":78,"column":1}},"type":"if","locations":[{"start":{"line":75,"column":0},"end":{"line":78,"column":1}},{"start":{},"end":{}}]},"10":{"loc":{"start":{"line":76,"column":28},"end":{"line":76,"column":56}},"type":"binary-expr","locations":[{"start":{"line":76,"column":28},"end":{"line":76,"column":48}},{"start":{"line":76,"column":52},"end":{"line":76,"column":56}}]}},"s":{"0":1,"1":1,"2":1,"3":1,"4":1,"5":1,"6":9,"7":9,"8":1,"9":7,"10":7,"11":7,"12":1,"13":4,"14":4,"15":4,"16":0,"17":4,"18":1,"19":3,"20":3,"21":4,"22":0,"23":4,"24":1,"25":3,"26":3,"27":3,"28":0,"29":3,"30":1,"31":6,"32":6,"33":6,"34":1,"35":1,"36":1,"37":1,"38":1,"39":1,"40":1,"41":1,"42":1,"43":1,"44":1,"45":0,"46":0},"f":{"0":9,"1":7,"2":4,"3":6,"4":1,"5":1,"6":1,"7":1},"b":{"0":[7,2],"1":[0,4],"2":[1,3],"3":[3,0],"4":[0,4],"5":[1,3],"6":[3,0],"7":[0],"8":[1,0],"9":[0,1],"10":[0,0]}}
}
