TN:
SF:src\app.controller.spec.ts
FN:6,(anonymous_0)
FN:9,(anonymous_1)
FN:18,(anonymous_2)
FN:19,(anonymous_3)
FNF:4
FNH:0
FNDA:0,(anonymous_0)
FNDA:0,(anonymous_1)
FNDA:0,(anonymous_2)
FNDA:0,(anonymous_3)
DA:1,0
DA:2,0
DA:3,0
DA:4,0
DA:6,0
DA:9,0
DA:10,0
DA:15,0
DA:18,0
DA:19,0
DA:20,0
LF:11
LH:0
BRF:0
BRH:0
end_of_record
TN:
SF:src\app.controller.ts
FN:6,(anonymous_2)
FN:9,(anonymous_3)
FNF:2
FNH:0
FNDA:0,(anonymous_2)
FNDA:0,(anonymous_3)
DA:1,0
DA:2,0
DA:5,0
DA:6,0
DA:9,0
DA:10,0
LF:6
LH:0
BRDA:6,0,0,0
BRDA:6,0,1,0
BRDA:6,1,0,0
BRDA:6,1,1,0
BRF:4
BRH:0
end_of_record
TN:
SF:src\app.module.ts
FNF:0
FNH:0
DA:1,1
DA:2,1
DA:3,1
DA:4,1
DA:5,1
DA:6,1
DA:7,1
DA:8,1
DA:9,1
DA:10,1
DA:28,1
LF:11
LH:11
BRDA:16,0,0,1
BRDA:16,0,1,0
BRF:2
BRH:1
end_of_record
TN:
SF:src\app.service.ts
FN:5,(anonymous_1)
FNF:1
FNH:0
FNDA:0,(anonymous_1)
DA:1,0
DA:4,0
DA:6,0
LF:3
LH:0
BRF:0
BRH:0
end_of_record
TN:
SF:src\balances\balances.controller.ts
FN:6,(anonymous_4)
FN:9,(anonymous_5)
FNF:2
FNH:2
FNDA:1,(anonymous_4)
FNDA:6,(anonymous_5)
DA:1,1
DA:2,1
DA:5,1
DA:6,1
DA:9,1
DA:10,6
DA:11,6
LF:7
LH:7
BRDA:6,0,0,1
BRDA:6,0,1,0
BRDA:6,1,0,1
BRDA:6,1,1,1
BRF:4
BRH:3
end_of_record
TN:
SF:src\balances\balances.module.ts
FNF:0
FNH:0
DA:1,1
DA:2,1
DA:3,1
DA:4,1
DA:5,1
DA:6,1
DA:14,1
LF:7
LH:7
BRF:0
BRH:0
end_of_record
TN:
SF:src\balances\balances.service.ts
FN:8,(anonymous_4)
FN:13,(anonymous_5)
FN:39,(anonymous_6)
FN:66,(anonymous_7)
FN:73,(anonymous_8)
FN:90,(anonymous_9)
FN:95,(anonymous_10)
FN:114,(anonymous_11)
FN:119,(anonymous_12)
FN:149,(anonymous_13)
FNF:10
FNH:6
FNDA:1,(anonymous_4)
FNDA:39,(anonymous_5)
FNDA:9,(anonymous_6)
FNDA:4,(anonymous_7)
FNDA:1,(anonymous_8)
FNDA:0,(anonymous_9)
FNDA:0,(anonymous_10)
FNDA:0,(anonymous_11)
FNDA:14,(anonymous_12)
FNDA:0,(anonymous_13)
DA:1,1
DA:2,1
DA:3,1
DA:4,1
DA:7,1
DA:10,1
DA:14,39
DA:18,39
DA:19,7
DA:20,7
DA:27,7
DA:30,0
DA:33,0
DA:36,39
DA:40,9
DA:43,9
DA:44,13
DA:46,13
DA:47,5
DA:51,8
DA:59,8
DA:60,4
DA:63,4
DA:64,4
DA:66,4
DA:70,0
DA:74,1
DA:75,1
DA:76,1
DA:77,1
DA:79,1
DA:87,1
DA:89,0
DA:90,0
DA:92,0
DA:96,0
DA:97,0
DA:98,0
DA:99,0
DA:100,0
DA:102,0
DA:111,0
DA:113,0
DA:114,0
DA:116,0
DA:120,14
DA:121,14
DA:122,14
DA:134,14
DA:135,14
DA:137,14
DA:146,14
DA:148,0
DA:149,0
DA:151,0
LF:55
LH:36
BRDA:18,0,0,7
BRDA:18,0,1,32
BRDA:33,1,0,0
BRDA:33,1,1,0
BRDA:46,2,0,5
BRDA:46,2,1,8
BRDA:59,3,0,4
BRDA:59,3,1,4
BRDA:64,4,0,4
BRDA:64,4,1,0
BRDA:77,5,0,1
BRDA:77,5,1,0
BRDA:87,6,0,1
BRDA:87,6,1,0
BRDA:100,7,0,0
BRDA:100,7,1,0
BRDA:111,8,0,0
BRDA:111,8,1,0
BRDA:146,9,0,14
BRDA:146,9,1,0
BRDA:10,10,0,1
BRDA:10,10,1,0
BRDA:10,11,0,1
BRDA:10,11,1,1
BRF:24
BRH:13
end_of_record
TN:
SF:src\balances\entities\balance.entity.ts
FNF:0
FNH:0
DA:1,1
DA:4,1
DA:6,1
DA:10,1
DA:14,1
DA:17,1
DA:20,1
DA:23,1
DA:27,1
LF:9
LH:9
BRDA:27,0,0,1
BRDA:27,0,1,0
BRDA:27,1,0,1
BRDA:27,1,1,1
BRF:4
BRH:3
end_of_record
TN:
SF:src\hcm\hcm.module.ts
FNF:0
FNH:0
DA:1,1
DA:2,1
DA:8,1
LF:3
LH:3
BRF:0
BRH:0
end_of_record
TN:
SF:src\hcm\hcm.service.ts
FN:11,(anonymous_2)
FN:31,(anonymous_3)
FN:38,(anonymous_4)
FNF:3
FNH:2
FNDA:4,(anonymous_2)
FNDA:0,(anonymous_3)
FNDA:6,(anonymous_4)
DA:1,1
DA:2,1
DA:6,1
DA:7,1
DA:8,1
DA:9,1
DA:12,4
DA:13,4
DA:14,4
DA:19,4
DA:21,0
DA:22,0
DA:23,0
DA:26,0
DA:30,0
DA:31,0
DA:35,0
DA:39,6
DA:40,6
DA:41,6
DA:42,6
DA:44,0
DA:46,0
LF:23
LH:14
BRDA:8,0,0,1
BRDA:8,0,1,0
BRDA:22,1,0,0
BRDA:22,1,1,0
BRDA:41,2,0,6
BRDA:41,2,1,0
BRF:6
BRH:2
end_of_record
TN:
SF:src\reconciliation\reconciliation.module.ts
FNF:0
FNH:0
DA:1,1
DA:2,1
DA:3,1
DA:4,1
DA:5,1
DA:6,1
DA:7,1
DA:18,1
LF:8
LH:8
BRF:0
BRH:0
end_of_record
TN:
SF:src\reconciliation\reconciliation.service.ts
FN:15,(anonymous_4)
FN:24,(anonymous_5)
FN:53,(anonymous_6)
FNF:3
FNH:3
FNDA:1,(anonymous_4)
FNDA:2,(anonymous_5)
FNDA:6,(anonymous_6)
DA:1,1
DA:2,1
DA:3,1
DA:4,1
DA:5,1
DA:6,1
DA:7,1
DA:9,1
DA:12,1
DA:13,1
DA:17,1
DA:18,1
DA:19,1
DA:20,1
DA:24,1
DA:25,2
DA:27,2
DA:28,2
DA:35,2
DA:36,2
DA:37,7
DA:38,7
DA:39,7
DA:42,2
DA:43,6
DA:44,6
DA:45,6
DA:47,0
DA:48,0
DA:54,6
DA:55,6
DA:57,6
DA:60,6
DA:63,6
DA:66,6
DA:67,6
DA:68,7
DA:69,7
DA:71,7
DA:73,1
DA:74,1
LF:41
LH:39
BRDA:38,0,0,6
BRDA:38,0,1,1
BRDA:47,1,0,0
BRDA:47,1,1,0
BRDA:57,2,0,0
BRDA:57,2,1,6
BRDA:69,3,0,0
BRDA:69,3,1,7
BRDA:71,4,0,1
BRDA:71,4,1,6
BRDA:71,5,0,7
BRDA:71,5,1,5
BRDA:71,5,2,3
BRDA:17,6,0,1
BRDA:17,6,1,0
BRDA:17,7,0,1
BRDA:17,7,1,1
BRDA:17,8,0,1
BRDA:17,8,1,0
BRDA:17,9,0,1
BRDA:17,9,1,1
BRDA:18,10,0,1
BRDA:18,10,1,0
BRDA:18,11,0,1
BRDA:18,11,1,1
BRDA:19,12,0,1
BRDA:19,12,1,0
BRDA:19,13,0,1
BRDA:19,13,1,1
BRF:29
BRH:21
end_of_record
TN:
SF:src\requests\requests.controller.ts
FN:19,(anonymous_4)
FN:22,(anonymous_5)
FNF:2
FNH:2
FNDA:1,(anonymous_4)
FNDA:9,(anonymous_5)
DA:1,1
DA:2,1
DA:3,1
DA:5,1
DA:7,1
DA:10,1
DA:14,1
DA:18,1
DA:19,1
DA:22,1
DA:23,9
LF:11
LH:11
BRDA:19,0,0,1
BRDA:19,0,1,0
BRDA:19,1,0,1
BRDA:19,1,1,1
BRF:4
BRH:3
end_of_record
TN:
SF:src\requests\requests.module.ts
FNF:0
FNH:0
DA:1,1
DA:2,1
DA:3,1
DA:4,1
DA:5,1
DA:6,1
DA:7,1
DA:19,1
LF:8
LH:8
BRF:0
BRH:0
end_of_record
TN:
SF:src\requests\requests.service.ts
FN:11,(anonymous_4)
FN:18,(anonymous_5)
FN:53,(anonymous_6)
FN:84,(anonymous_7)
FNF:4
FNH:4
FNDA:1,(anonymous_4)
FNDA:9,(anonymous_5)
FNDA:14,(anonymous_6)
FNDA:1,(anonymous_7)
DA:1,1
DA:2,1
DA:3,1
DA:4,1
DA:5,1
DA:6,1
DA:7,1
DA:10,1
DA:13,1
DA:14,1
DA:15,1
DA:21,9
DA:24,4
DA:31,4
DA:34,4
DA:38,4
DA:39,4
DA:41,0
DA:42,0
DA:44,0
DA:46,0
DA:49,4
DA:50,4
DA:54,14
DA:57,4
DA:70,4
DA:71,4
DA:72,5
DA:74,5
DA:75,5
DA:76,5
DA:77,5
DA:85,1
DA:86,1
DA:89,1
DA:92,1
DA:93,1
LF:37
LH:33
BRDA:38,0,0,4
BRDA:38,0,1,0
BRDA:54,1,0,10
BRDA:54,1,1,4
BRDA:72,2,0,0
BRDA:72,2,1,5
BRDA:74,3,0,5
BRDA:74,3,1,0
BRDA:86,4,0,0
BRDA:86,4,1,1
BRDA:86,5,0,1
BRDA:86,5,1,1
BRDA:13,6,0,1
BRDA:13,6,1,0
BRDA:13,7,0,1
BRDA:13,7,1,1
BRDA:13,8,0,1
BRDA:13,8,1,0
BRDA:13,9,0,1
BRDA:13,9,1,1
BRDA:14,10,0,1
BRDA:14,10,1,0
BRDA:14,11,0,1
BRDA:14,11,1,1
BRF:24
BRH:17
end_of_record
TN:
SF:src\requests\entities\time-off-request.entity.ts
FN:3,(anonymous_2)
FNF:1
FNH:1
FNDA:1,(anonymous_2)
DA:1,1
DA:3,1
DA:4,1
DA:5,1
DA:6,1
DA:7,1
DA:8,1
DA:12,1
DA:14,1
DA:18,1
DA:22,1
DA:25,1
DA:33,1
DA:37,1
DA:40,1
LF:15
LH:15
BRDA:3,0,0,1
BRDA:3,0,1,1
BRDA:37,1,0,1
BRDA:37,1,1,0
BRDA:37,2,0,1
BRDA:37,2,1,1
BRDA:40,3,0,1
BRDA:40,3,1,0
BRDA:40,4,0,1
BRDA:40,4,1,1
BRF:10
BRH:8
end_of_record
TN:
SF:src\sync\sync.controller.ts
FN:22,(anonymous_4)
FN:30,(anonymous_5)
FN:36,(anonymous_6)
FNF:3
FNH:3
FNDA:8,(anonymous_4)
FNDA:1,(anonymous_5)
FNDA:8,(anonymous_6)
DA:1,1
DA:2,1
DA:3,1
DA:5,1
DA:6,1
DA:8,1
DA:10,1
DA:13,1
DA:16,1
DA:19,1
DA:22,8
DA:23,1
DA:27,1
DA:28,1
DA:31,1
DA:32,1
DA:36,1
DA:37,8
DA:38,8
DA:39,8
DA:40,8
DA:41,8
DA:42,8
DA:44,0
DA:45,0
DA:46,0
DA:49,8
LF:27
LH:24
BRDA:44,0,0,0
BRDA:44,0,1,0
BRDA:31,1,0,1
BRDA:31,1,1,0
BRDA:31,2,0,1
BRDA:31,2,1,1
BRDA:31,3,0,1
BRDA:31,3,1,0
BRDA:31,4,0,1
BRDA:31,4,1,1
BRF:10
BRH:6
end_of_record
TN:
SF:src\sync\sync.module.ts
FNF:0
FNH:0
DA:1,1
DA:2,1
DA:3,1
DA:4,1
DA:10,1
LF:5
LH:5
BRF:0
BRH:0
end_of_record
TN:
SF:test\hcm-mock.server.ts
FN:10,(anonymous_1)
FN:15,(anonymous_2)
FN:21,(anonymous_3)
FN:54,(anonymous_4)
FN:61,(anonymous_5)
FN:62,(anonymous_6)
FN:63,(anonymous_7)
FN:70,(anonymous_8)
FNF:8
FNH:8
FNDA:9,(anonymous_1)
FNDA:7,(anonymous_2)
FNDA:4,(anonymous_3)
FNDA:6,(anonymous_4)
FNDA:1,(anonymous_5)
FNDA:1,(anonymous_6)
FNDA:1,(anonymous_7)
FNDA:1,(anonymous_8)
DA:1,1
DA:3,1
DA:4,1
DA:7,1
DA:8,1
DA:10,1
DA:11,9
DA:12,9
DA:15,1
DA:16,7
DA:17,7
DA:18,7
DA:21,1
DA:22,4
DA:23,4
DA:24,4
DA:25,0
DA:26,4
DA:27,1
DA:28,3
DA:29,3
DA:32,4
DA:34,0
DA:37,4
DA:39,1
DA:43,3
DA:44,3
DA:45,3
DA:47,0
DA:50,3
DA:54,1
DA:55,6
DA:56,6
DA:57,6
DA:61,1
DA:62,1
DA:63,1
DA:64,1
DA:65,1
DA:70,1
DA:71,1
DA:75,1
DA:76,0
DA:77,0
LF:44
LH:39
BRDA:17,0,0,7
BRDA:17,0,1,2
BRDA:24,1,0,0
BRDA:24,1,1,4
BRDA:26,2,0,1
BRDA:26,2,1,3
BRDA:28,3,0,3
BRDA:28,3,1,0
BRDA:32,4,0,0
BRDA:32,4,1,4
BRDA:37,5,0,1
BRDA:37,5,1,3
BRDA:44,6,0,3
BRDA:44,6,1,0
BRDA:61,7,0,0
BRDA:71,8,0,1
BRDA:71,8,1,0
BRDA:75,9,0,0
BRDA:75,9,1,1
BRDA:76,10,0,0
BRDA:76,10,1,0
BRF:21
BRH:12
end_of_record
